{
	"/Users/cardotisler/git/ut/deepmooc-fe/src/lib/components/AccessibilityModal.svelte": {
		"path": "/Users/cardotisler/git/ut/deepmooc-fe/src/lib/components/AccessibilityModal.svelte",
		"all": false,
		"statementMap": {
			"0": { "start": { "line": 1, "column": 0 }, "end": { "line": 1, "column": 18 } },
			"1": { "start": { "line": 2, "column": 0 }, "end": { "line": 2, "column": 43 } },
			"2": { "start": { "line": 3, "column": 0 }, "end": { "line": 3, "column": 46 } },
			"3": { "start": { "line": 4, "column": 0 }, "end": { "line": 4, "column": 35 } },
			"4": { "start": { "line": 5, "column": 0 }, "end": { "line": 5, "column": 0 } },
			"5": { "start": { "line": 6, "column": 0 }, "end": { "line": 6, "column": 35 } },
			"6": { "start": { "line": 7, "column": 0 }, "end": { "line": 7, "column": 24 } },
			"7": { "start": { "line": 8, "column": 0 }, "end": { "line": 8, "column": 3 } },
			"8": { "start": { "line": 9, "column": 0 }, "end": { "line": 9, "column": 32 } },
			"9": { "start": { "line": 10, "column": 0 }, "end": { "line": 10, "column": 21 } },
			"10": { "start": { "line": 11, "column": 0 }, "end": { "line": 11, "column": 3 } },
			"11": { "start": { "line": 12, "column": 0 }, "end": { "line": 12, "column": 43 } },
			"12": { "start": { "line": 13, "column": 0 }, "end": { "line": 13, "column": 9 } },
			"13": { "start": { "line": 14, "column": 0 }, "end": { "line": 14, "column": 0 } },
			"14": { "start": { "line": 15, "column": 0 }, "end": { "line": 15, "column": 73 } },
			"15": { "start": { "line": 16, "column": 0 }, "end": { "line": 16, "column": 28 } },
			"16": { "start": { "line": 17, "column": 0 }, "end": { "line": 17, "column": 32 } },
			"17": { "start": { "line": 18, "column": 0 }, "end": { "line": 18, "column": 37 } },
			"18": { "start": { "line": 19, "column": 0 }, "end": { "line": 19, "column": 92 } },
			"19": { "start": { "line": 20, "column": 0 }, "end": { "line": 20, "column": 8 } },
			"20": { "start": { "line": 21, "column": 0 }, "end": { "line": 21, "column": 7 } },
			"21": { "start": { "line": 22, "column": 0 }, "end": { "line": 22, "column": 57 } },
			"22": { "start": { "line": 23, "column": 0 }, "end": { "line": 23, "column": 35 } },
			"23": { "start": { "line": 24, "column": 0 }, "end": { "line": 24, "column": 94 } },
			"24": { "start": { "line": 25, "column": 0 }, "end": { "line": 25, "column": 52 } },
			"25": { "start": { "line": 26, "column": 0 }, "end": { "line": 26, "column": 7 } },
			"26": { "start": { "line": 27, "column": 0 }, "end": { "line": 27, "column": 9 } },
			"27": { "start": { "line": 28, "column": 0 }, "end": { "line": 28, "column": 83 } },
			"28": { "start": { "line": 29, "column": 0 }, "end": { "line": 29, "column": 8 } },
			"29": { "start": { "line": 30, "column": 0 }, "end": { "line": 30, "column": 7 } },
			"30": { "start": { "line": 31, "column": 0 }, "end": { "line": 31, "column": 54 } },
			"31": { "start": { "line": 32, "column": 0 }, "end": { "line": 32, "column": 35 } },
			"32": { "start": { "line": 33, "column": 0 }, "end": { "line": 33, "column": 92 } },
			"33": { "start": { "line": 34, "column": 0 }, "end": { "line": 34, "column": 94 } },
			"34": { "start": { "line": 35, "column": 0 }, "end": { "line": 35, "column": 88 } },
			"35": { "start": { "line": 36, "column": 0 }, "end": { "line": 36, "column": 83 } },
			"36": { "start": { "line": 37, "column": 0 }, "end": { "line": 37, "column": 7 } },
			"37": { "start": { "line": 38, "column": 0 }, "end": { "line": 38, "column": 9 } },
			"38": { "start": { "line": 39, "column": 0 }, "end": { "line": 39, "column": 8 } },
			"39": { "start": { "line": 40, "column": 0 }, "end": { "line": 40, "column": 7 } },
			"40": { "start": { "line": 41, "column": 0 }, "end": { "line": 41, "column": 49 } },
			"41": { "start": { "line": 42, "column": 0 }, "end": { "line": 42, "column": 9 } },
			"42": { "start": { "line": 43, "column": 0 }, "end": { "line": 43, "column": 62 } },
			"43": { "start": { "line": 44, "column": 0 }, "end": { "line": 44, "column": 11 } },
			"44": { "start": { "line": 45, "column": 0 }, "end": { "line": 45, "column": 191 } },
			"45": { "start": { "line": 46, "column": 0 }, "end": { "line": 46, "column": 61 } },
			"46": { "start": { "line": 47, "column": 0 }, "end": { "line": 47, "column": 5 } },
			"47": { "start": { "line": 48, "column": 0 }, "end": { "line": 48, "column": 11 } },
			"48": { "start": { "line": 49, "column": 0 }, "end": { "line": 49, "column": 140 } },
			"49": { "start": { "line": 50, "column": 0 }, "end": { "line": 50, "column": 34 } },
			"50": { "start": { "line": 51, "column": 0 }, "end": { "line": 51, "column": 78 } },
			"51": { "start": { "line": 52, "column": 0 }, "end": { "line": 52, "column": 5 } },
			"52": { "start": { "line": 53, "column": 0 }, "end": { "line": 53, "column": 9 } },
			"53": { "start": { "line": 54, "column": 0 }, "end": { "line": 54, "column": 8 } },
			"54": { "start": { "line": 55, "column": 0 }, "end": { "line": 55, "column": 7 } },
			"55": { "start": { "line": 56, "column": 0 }, "end": { "line": 56, "column": 10 } },
			"56": { "start": { "line": 57, "column": 0 }, "end": { "line": 57, "column": 0 } },
			"57": { "start": { "line": 58, "column": 0 }, "end": { "line": 58, "column": 7 } },
			"58": { "start": { "line": 59, "column": 0 }, "end": { "line": 59, "column": 8 } }
		},
		"s": {
			"0": 1,
			"1": 1,
			"2": 1,
			"3": 1,
			"4": 1,
			"5": 1,
			"6": 1,
			"7": 1,
			"8": 1,
			"9": 1,
			"10": 1,
			"11": 1,
			"12": 1,
			"13": 1,
			"14": 1,
			"15": 1,
			"16": 1,
			"17": 1,
			"18": 1,
			"19": 1,
			"20": 1,
			"21": 1,
			"22": 1,
			"23": 1,
			"24": 1,
			"25": 1,
			"26": 1,
			"27": 1,
			"28": 1,
			"29": 1,
			"30": 1,
			"31": 1,
			"32": 1,
			"33": 1,
			"34": 1,
			"35": 1,
			"36": 1,
			"37": 1,
			"38": 1,
			"39": 1,
			"40": 1,
			"41": 1,
			"42": 1,
			"43": 1,
			"44": 1,
			"45": 1,
			"46": 1,
			"47": 1,
			"48": 1,
			"49": 1,
			"50": 1,
			"51": 1,
			"52": 1,
			"53": 1,
			"54": 1,
			"55": 1,
			"56": 1,
			"57": 1,
			"58": 1
		},
		"branchMap": {
			"0": {
				"type": "branch",
				"line": 15,
				"loc": { "start": { "line": 15, "column": 52 }, "end": { "line": 15, "column": 65 } },
				"locations": [
					{ "start": { "line": 15, "column": 52 }, "end": { "line": 15, "column": 65 } }
				]
			}
		},
		"b": { "0": [0] },
		"fnMap": {},
		"f": {}
	},
	"/Users/cardotisler/git/ut/deepmooc-fe/src/lib/components/AssignmentOverview.svelte": {
		"path": "/Users/cardotisler/git/ut/deepmooc-fe/src/lib/components/AssignmentOverview.svelte",
		"all": false,
		"statementMap": {
			"0": { "start": { "line": 1, "column": 0 }, "end": { "line": 1, "column": 18 } },
			"1": { "start": { "line": 2, "column": 0 }, "end": { "line": 2, "column": 53 } },
			"2": { "start": { "line": 3, "column": 0 }, "end": { "line": 3, "column": 54 } },
			"3": { "start": { "line": 4, "column": 0 }, "end": { "line": 4, "column": 52 } },
			"4": { "start": { "line": 5, "column": 0 }, "end": { "line": 5, "column": 37 } },
			"5": { "start": { "line": 6, "column": 0 }, "end": { "line": 6, "column": 46 } },
			"6": { "start": { "line": 7, "column": 0 }, "end": { "line": 7, "column": 0 } },
			"7": { "start": { "line": 8, "column": 0 }, "end": { "line": 8, "column": 43 } },
			"8": { "start": { "line": 9, "column": 0 }, "end": { "line": 9, "column": 94 } },
			"9": { "start": { "line": 10, "column": 0 }, "end": { "line": 10, "column": 7 } },
			"10": { "start": { "line": 11, "column": 0 }, "end": { "line": 11, "column": 9 } },
			"11": { "start": { "line": 12, "column": 0 }, "end": { "line": 12, "column": 0 } },
			"12": { "start": { "line": 13, "column": 0 }, "end": { "line": 13, "column": 112 } },
			"13": { "start": { "line": 14, "column": 0 }, "end": { "line": 14, "column": 146 } },
			"14": { "start": { "line": 15, "column": 0 }, "end": { "line": 15, "column": 56 } },
			"15": { "start": { "line": 16, "column": 0 }, "end": { "line": 16, "column": 36 } },
			"16": { "start": { "line": 17, "column": 0 }, "end": { "line": 17, "column": 58 } },
			"17": { "start": { "line": 18, "column": 0 }, "end": { "line": 18, "column": 22 } },
			"18": { "start": { "line": 19, "column": 0 }, "end": { "line": 19, "column": 22 } },
			"19": { "start": { "line": 20, "column": 0 }, "end": { "line": 20, "column": 24 } },
			"20": { "start": { "line": 21, "column": 0 }, "end": { "line": 21, "column": 10 } },
			"21": { "start": { "line": 22, "column": 0 }, "end": { "line": 22, "column": 10 } },
			"22": { "start": { "line": 23, "column": 0 }, "end": { "line": 23, "column": 8 } },
			"23": { "start": { "line": 24, "column": 0 }, "end": { "line": 24, "column": 7 } },
			"24": { "start": { "line": 25, "column": 0 }, "end": { "line": 25, "column": 26 } },
			"25": { "start": { "line": 26, "column": 0 }, "end": { "line": 26, "column": 42 } },
			"26": { "start": { "line": 27, "column": 0 }, "end": { "line": 27, "column": 7 } },
			"27": { "start": { "line": 28, "column": 0 }, "end": { "line": 28, "column": 56 } },
			"28": { "start": { "line": 29, "column": 0 }, "end": { "line": 29, "column": 29 } },
			"29": { "start": { "line": 30, "column": 0 }, "end": { "line": 30, "column": 42 } },
			"30": { "start": { "line": 31, "column": 0 }, "end": { "line": 31, "column": 42 } },
			"31": { "start": { "line": 32, "column": 0 }, "end": { "line": 32, "column": 8 } },
			"32": { "start": { "line": 33, "column": 0 }, "end": { "line": 33, "column": 33 } },
			"33": { "start": { "line": 34, "column": 0 }, "end": { "line": 34, "column": 18 } },
			"34": { "start": { "line": 35, "column": 0 }, "end": { "line": 35, "column": 159 } },
			"35": { "start": { "line": 36, "column": 0 }, "end": { "line": 36, "column": 10 } },
			"36": { "start": { "line": 37, "column": 0 }, "end": { "line": 37, "column": 6 } },
			"37": { "start": { "line": 38, "column": 0 }, "end": { "line": 38, "column": 176 } },
			"38": { "start": { "line": 39, "column": 0 }, "end": { "line": 39, "column": 62 } },
			"39": { "start": { "line": 40, "column": 0 }, "end": { "line": 40, "column": 5 } },
			"40": { "start": { "line": 41, "column": 0 }, "end": { "line": 41, "column": 54 } },
			"41": { "start": { "line": 42, "column": 0 }, "end": { "line": 42, "column": 24 } },
			"42": { "start": { "line": 43, "column": 0 }, "end": { "line": 43, "column": 117 } },
			"43": { "start": { "line": 44, "column": 0 }, "end": { "line": 44, "column": 12 } },
			"44": { "start": { "line": 45, "column": 0 }, "end": { "line": 45, "column": 8 } },
			"45": { "start": { "line": 46, "column": 0 }, "end": { "line": 46, "column": 8 } },
			"46": { "start": { "line": 47, "column": 0 }, "end": { "line": 47, "column": 8 } },
			"47": { "start": { "line": 48, "column": 0 }, "end": { "line": 48, "column": 7 } },
			"48": { "start": { "line": 49, "column": 0 }, "end": { "line": 49, "column": 6 } },
			"49": { "start": { "line": 50, "column": 0 }, "end": { "line": 50, "column": 0 } },
			"50": { "start": { "line": 51, "column": 0 }, "end": { "line": 51, "column": 7 } },
			"51": { "start": { "line": 52, "column": 0 }, "end": { "line": 52, "column": 13 } },
			"52": { "start": { "line": 53, "column": 0 }, "end": { "line": 53, "column": 19 } },
			"53": { "start": { "line": 54, "column": 0 }, "end": { "line": 54, "column": 2 } },
			"54": { "start": { "line": 55, "column": 0 }, "end": { "line": 55, "column": 8 } }
		},
		"s": {
			"0": 1,
			"1": 1,
			"2": 1,
			"3": 1,
			"4": 1,
			"5": 1,
			"6": 1,
			"7": 1,
			"8": 1,
			"9": 1,
			"10": 1,
			"11": 1,
			"12": 1,
			"13": 1,
			"14": 1,
			"15": 1,
			"16": 1,
			"17": 1,
			"18": 1,
			"19": 1,
			"20": 1,
			"21": 1,
			"22": 1,
			"23": 1,
			"24": 1,
			"25": 1,
			"26": 1,
			"27": 1,
			"28": 1,
			"29": 1,
			"30": 1,
			"31": 1,
			"32": 1,
			"33": 1,
			"34": 1,
			"35": 1,
			"36": 1,
			"37": 1,
			"38": 1,
			"39": 1,
			"40": 1,
			"41": 1,
			"42": 1,
			"43": 1,
			"44": 1,
			"45": 1,
			"46": 1,
			"47": 1,
			"48": 1,
			"49": 1,
			"50": 1,
			"51": 1,
			"52": 1,
			"53": 1,
			"54": 1
		},
		"branchMap": {
			"0": {
				"type": "branch",
				"line": 43,
				"loc": { "start": { "line": 43, "column": 41 }, "end": { "line": 43, "column": 52 } },
				"locations": [
					{ "start": { "line": 43, "column": 41 }, "end": { "line": 43, "column": 52 } }
				]
			},
			"1": {
				"type": "branch",
				"line": 43,
				"loc": { "start": { "line": 43, "column": 91 }, "end": { "line": 43, "column": 102 } },
				"locations": [
					{ "start": { "line": 43, "column": 91 }, "end": { "line": 43, "column": 102 } }
				]
			},
			"2": {
				"type": "branch",
				"line": 34,
				"loc": { "start": { "line": 34, "column": 17 }, "end": { "line": 34, "column": 18 } },
				"locations": [
					{ "start": { "line": 34, "column": 17 }, "end": { "line": 34, "column": 18 } }
				]
			}
		},
		"b": { "0": [0], "1": [0], "2": [0] },
		"fnMap": {},
		"f": {}
	},
	"/Users/cardotisler/git/ut/deepmooc-fe/src/lib/components/CourseOverview.svelte": {
		"path": "/Users/cardotisler/git/ut/deepmooc-fe/src/lib/components/CourseOverview.svelte",
		"all": false,
		"statementMap": {
			"0": { "start": { "line": 1, "column": 0 }, "end": { "line": 1, "column": 18 } },
			"1": { "start": { "line": 2, "column": 0 }, "end": { "line": 2, "column": 67 } },
			"2": { "start": { "line": 3, "column": 0 }, "end": { "line": 3, "column": 54 } },
			"3": { "start": { "line": 4, "column": 0 }, "end": { "line": 4, "column": 52 } },
			"4": { "start": { "line": 5, "column": 0 }, "end": { "line": 5, "column": 45 } },
			"5": { "start": { "line": 6, "column": 0 }, "end": { "line": 6, "column": 46 } },
			"6": { "start": { "line": 7, "column": 0 }, "end": { "line": 7, "column": 0 } },
			"7": { "start": { "line": 8, "column": 0 }, "end": { "line": 8, "column": 43 } },
			"8": { "start": { "line": 9, "column": 0 }, "end": { "line": 9, "column": 16 } },
			"9": { "start": { "line": 10, "column": 0 }, "end": { "line": 10, "column": 27 } },
			"10": { "start": { "line": 11, "column": 0 }, "end": { "line": 11, "column": 0 } },
			"11": { "start": { "line": 12, "column": 0 }, "end": { "line": 12, "column": 37 } },
			"12": { "start": { "line": 13, "column": 0 }, "end": { "line": 13, "column": 60 } },
			"13": { "start": { "line": 14, "column": 0 }, "end": { "line": 14, "column": 90 } },
			"14": { "start": { "line": 15, "column": 0 }, "end": { "line": 15, "column": 9 } },
			"15": { "start": { "line": 16, "column": 0 }, "end": { "line": 16, "column": 0 } },
			"16": { "start": { "line": 17, "column": 0 }, "end": { "line": 17, "column": 136 } },
			"17": { "start": { "line": 18, "column": 0 }, "end": { "line": 18, "column": 44 } },
			"18": { "start": { "line": 19, "column": 0 }, "end": { "line": 19, "column": 7 } },
			"19": { "start": { "line": 20, "column": 0 }, "end": { "line": 20, "column": 53 } },
			"20": { "start": { "line": 21, "column": 0 }, "end": { "line": 21, "column": 63 } },
			"21": { "start": { "line": 22, "column": 0 }, "end": { "line": 22, "column": 8 } },
			"22": { "start": { "line": 23, "column": 0 }, "end": { "line": 23, "column": 47 } },
			"23": { "start": { "line": 24, "column": 0 }, "end": { "line": 24, "column": 86 } },
			"24": { "start": { "line": 25, "column": 0 }, "end": { "line": 25, "column": 8 } },
			"25": { "start": { "line": 26, "column": 0 }, "end": { "line": 26, "column": 7 } },
			"26": { "start": { "line": 27, "column": 0 }, "end": { "line": 27, "column": 53 } },
			"27": { "start": { "line": 28, "column": 0 }, "end": { "line": 28, "column": 49 } },
			"28": { "start": { "line": 29, "column": 0 }, "end": { "line": 29, "column": 64 } },
			"29": { "start": { "line": 30, "column": 0 }, "end": { "line": 30, "column": 18 } },
			"30": { "start": { "line": 31, "column": 0 }, "end": { "line": 31, "column": 25 } },
			"31": { "start": { "line": 32, "column": 0 }, "end": { "line": 32, "column": 8 } },
			"32": { "start": { "line": 33, "column": 0 }, "end": { "line": 33, "column": 53 } },
			"33": { "start": { "line": 34, "column": 0 }, "end": { "line": 34, "column": 50 } },
			"34": { "start": { "line": 35, "column": 0 }, "end": { "line": 35, "column": 27 } },
			"35": { "start": { "line": 36, "column": 0 }, "end": { "line": 36, "column": 47 } },
			"36": { "start": { "line": 37, "column": 0 }, "end": { "line": 37, "column": 8 } },
			"37": { "start": { "line": 38, "column": 0 }, "end": { "line": 38, "column": 7 } },
			"38": { "start": { "line": 39, "column": 0 }, "end": { "line": 39, "column": 10 } }
		},
		"s": {
			"0": 1,
			"1": 1,
			"2": 1,
			"3": 1,
			"4": 1,
			"5": 1,
			"6": 1,
			"7": 1,
			"8": 1,
			"9": 1,
			"10": 1,
			"11": 1,
			"12": 1,
			"13": 1,
			"14": 1,
			"15": 1,
			"16": 1,
			"17": 1,
			"18": 1,
			"19": 1,
			"20": 1,
			"21": 1,
			"22": 1,
			"23": 1,
			"24": 1,
			"25": 1,
			"26": 1,
			"27": 1,
			"28": 1,
			"29": 1,
			"30": 1,
			"31": 1,
			"32": 1,
			"33": 1,
			"34": 1,
			"35": 1,
			"36": 1,
			"37": 1,
			"38": 1
		},
		"branchMap": {
			"0": {
				"type": "branch",
				"line": 17,
				"loc": { "start": { "line": 17, "column": 105 }, "end": { "line": 17, "column": 118 } },
				"locations": [
					{ "start": { "line": 17, "column": 105 }, "end": { "line": 17, "column": 118 } }
				]
			}
		},
		"b": { "0": [0] },
		"fnMap": {},
		"f": {}
	},
	"/Users/cardotisler/git/ut/deepmooc-fe/src/lib/components/CourseTopic.svelte": {
		"path": "/Users/cardotisler/git/ut/deepmooc-fe/src/lib/components/CourseTopic.svelte",
		"all": false,
		"statementMap": {
			"0": { "start": { "line": 1, "column": 0 }, "end": { "line": 1, "column": 18 } },
			"1": { "start": { "line": 2, "column": 0 }, "end": { "line": 2, "column": 40 } },
			"2": { "start": { "line": 3, "column": 0 }, "end": { "line": 3, "column": 45 } },
			"3": { "start": { "line": 4, "column": 0 }, "end": { "line": 4, "column": 16 } },
			"4": { "start": { "line": 5, "column": 0 }, "end": { "line": 5, "column": 27 } },
			"5": { "start": { "line": 6, "column": 0 }, "end": { "line": 6, "column": 0 } },
			"6": { "start": { "line": 7, "column": 0 }, "end": { "line": 7, "column": 22 } },
			"7": { "start": { "line": 8, "column": 0 }, "end": { "line": 8, "column": 9 } },
			"8": { "start": { "line": 9, "column": 0 }, "end": { "line": 9, "column": 0 } },
			"9": { "start": { "line": 10, "column": 0 }, "end": { "line": 10, "column": 69 } },
			"10": { "start": { "line": 11, "column": 0 }, "end": { "line": 11, "column": 6 } },
			"11": { "start": { "line": 12, "column": 0 }, "end": { "line": 12, "column": 57 } },
			"12": { "start": { "line": 13, "column": 0 }, "end": { "line": 13, "column": 7 } },
			"13": { "start": { "line": 14, "column": 0 }, "end": { "line": 14, "column": 19 } },
			"14": { "start": { "line": 15, "column": 0 }, "end": { "line": 15, "column": 32 } },
			"15": { "start": { "line": 16, "column": 0 }, "end": { "line": 16, "column": 7 } },
			"16": { "start": { "line": 17, "column": 0 }, "end": { "line": 17, "column": 28 } },
			"17": { "start": { "line": 18, "column": 0 }, "end": { "line": 18, "column": 18 } },
			"18": { "start": { "line": 19, "column": 0 }, "end": { "line": 19, "column": 53 } },
			"19": { "start": { "line": 20, "column": 0 }, "end": { "line": 20, "column": 41 } },
			"20": { "start": { "line": 21, "column": 0 }, "end": { "line": 21, "column": 44 } },
			"21": { "start": { "line": 22, "column": 0 }, "end": { "line": 22, "column": 10 } },
			"22": { "start": { "line": 23, "column": 0 }, "end": { "line": 23, "column": 8 } },
			"23": { "start": { "line": 24, "column": 0 }, "end": { "line": 24, "column": 7 } },
			"24": { "start": { "line": 25, "column": 0 }, "end": { "line": 25, "column": 10 } }
		},
		"s": {
			"0": 1,
			"1": 1,
			"2": 1,
			"3": 1,
			"4": 1,
			"5": 1,
			"6": 1,
			"7": 1,
			"8": 1,
			"9": 1,
			"10": 1,
			"11": 1,
			"12": 1,
			"13": 1,
			"14": 1,
			"15": 1,
			"16": 1,
			"17": 1,
			"18": 1,
			"19": 1,
			"20": 1,
			"21": 1,
			"22": 1,
			"23": 1,
			"24": 1
		},
		"branchMap": {},
		"b": {},
		"fnMap": {},
		"f": {}
	},
	"/Users/cardotisler/git/ut/deepmooc-fe/src/lib/components/FileInput.svelte": {
		"path": "/Users/cardotisler/git/ut/deepmooc-fe/src/lib/components/FileInput.svelte",
		"all": false,
		"statementMap": {
			"0": { "start": { "line": 1, "column": 0 }, "end": { "line": 1, "column": 18 } },
			"1": { "start": { "line": 2, "column": 0 }, "end": { "line": 2, "column": 46 } },
			"2": { "start": { "line": 3, "column": 0 }, "end": { "line": 3, "column": 9 } },
			"3": { "start": { "line": 4, "column": 0 }, "end": { "line": 4, "column": 0 } },
			"4": { "start": { "line": 5, "column": 0 }, "end": { "line": 5, "column": 53 } },
			"5": { "start": { "line": 6, "column": 0 }, "end": { "line": 6, "column": 37 } },
			"6": { "start": { "line": 7, "column": 0 }, "end": { "line": 7, "column": 80 } },
			"7": { "start": { "line": 8, "column": 0 }, "end": { "line": 8, "column": 56 } },
			"8": { "start": { "line": 9, "column": 0 }, "end": { "line": 9, "column": 112 } },
			"9": { "start": { "line": 10, "column": 0 }, "end": { "line": 10, "column": 135 } },
			"10": { "start": { "line": 11, "column": 0 }, "end": { "line": 11, "column": 15 } },
			"11": { "start": { "line": 12, "column": 0 }, "end": { "line": 12, "column": 14 } },
			"12": { "start": { "line": 13, "column": 0 }, "end": { "line": 13, "column": 0 } },
			"13": { "start": { "line": 14, "column": 0 }, "end": { "line": 14, "column": 42 } },
			"14": { "start": { "line": 15, "column": 0 }, "end": { "line": 15, "column": 0 } },
			"15": { "start": { "line": 16, "column": 0 }, "end": { "line": 16, "column": 18 } },
			"16": { "start": { "line": 17, "column": 0 }, "end": { "line": 17, "column": 6 } },
			"17": { "start": { "line": 18, "column": 0 }, "end": { "line": 18, "column": 0 } },
			"18": { "start": { "line": 19, "column": 0 }, "end": { "line": 19, "column": 7 } },
			"19": { "start": { "line": 20, "column": 0 }, "end": { "line": 20, "column": 17 } },
			"20": { "start": { "line": 21, "column": 0 }, "end": { "line": 21, "column": 21 } },
			"21": { "start": { "line": 22, "column": 0 }, "end": { "line": 22, "column": 22 } },
			"22": { "start": { "line": 23, "column": 0 }, "end": { "line": 23, "column": 19 } },
			"23": { "start": { "line": 24, "column": 0 }, "end": { "line": 24, "column": 25 } },
			"24": { "start": { "line": 25, "column": 0 }, "end": { "line": 25, "column": 27 } },
			"25": { "start": { "line": 26, "column": 0 }, "end": { "line": 26, "column": 20 } },
			"26": { "start": { "line": 27, "column": 0 }, "end": { "line": 27, "column": 5 } },
			"27": { "start": { "line": 28, "column": 0 }, "end": { "line": 28, "column": 0 } },
			"28": { "start": { "line": 29, "column": 0 }, "end": { "line": 29, "column": 11 } },
			"29": { "start": { "line": 30, "column": 0 }, "end": { "line": 30, "column": 58 } },
			"30": { "start": { "line": 31, "column": 0 }, "end": { "line": 31, "column": 23 } },
			"31": { "start": { "line": 32, "column": 0 }, "end": { "line": 32, "column": 29 } },
			"32": { "start": { "line": 33, "column": 0 }, "end": { "line": 33, "column": 21 } },
			"33": { "start": { "line": 34, "column": 0 }, "end": { "line": 34, "column": 21 } },
			"34": { "start": { "line": 35, "column": 0 }, "end": { "line": 35, "column": 36 } },
			"35": { "start": { "line": 36, "column": 0 }, "end": { "line": 36, "column": 24 } },
			"36": { "start": { "line": 37, "column": 0 }, "end": { "line": 37, "column": 5 } },
			"37": { "start": { "line": 38, "column": 0 }, "end": { "line": 38, "column": 0 } },
			"38": { "start": { "line": 39, "column": 0 }, "end": { "line": 39, "column": 11 } },
			"39": { "start": { "line": 40, "column": 0 }, "end": { "line": 40, "column": 23 } },
			"40": { "start": { "line": 41, "column": 0 }, "end": { "line": 41, "column": 5 } },
			"41": { "start": { "line": 42, "column": 0 }, "end": { "line": 42, "column": 8 } }
		},
		"s": {
			"0": 1,
			"1": 1,
			"2": 1,
			"3": 1,
			"4": 1,
			"5": 1,
			"6": 1,
			"7": 1,
			"8": 1,
			"9": 1,
			"10": 1,
			"11": 1,
			"12": 1,
			"13": 1,
			"14": 1,
			"15": 1,
			"16": 1,
			"17": 1,
			"18": 1,
			"19": 1,
			"20": 1,
			"21": 1,
			"22": 1,
			"23": 1,
			"24": 1,
			"25": 1,
			"26": 1,
			"27": 1,
			"28": 1,
			"29": 1,
			"30": 1,
			"31": 1,
			"32": 1,
			"33": 1,
			"34": 1,
			"35": 1,
			"36": 1,
			"37": 1,
			"38": 1,
			"39": 1,
			"40": 1,
			"41": 1
		},
		"branchMap": {},
		"b": {},
		"fnMap": {},
		"f": {}
	},
	"/Users/cardotisler/git/ut/deepmooc-fe/src/lib/components/Leaderboard.svelte": {
		"path": "/Users/cardotisler/git/ut/deepmooc-fe/src/lib/components/Leaderboard.svelte",
		"all": false,
		"statementMap": {
			"0": { "start": { "line": 1, "column": 0 }, "end": { "line": 1, "column": 18 } },
			"1": { "start": { "line": 2, "column": 0 }, "end": { "line": 2, "column": 50 } },
			"2": { "start": { "line": 3, "column": 0 }, "end": { "line": 3, "column": 35 } },
			"3": { "start": { "line": 4, "column": 0 }, "end": { "line": 4, "column": 16 } },
			"4": { "start": { "line": 5, "column": 0 }, "end": { "line": 5, "column": 27 } },
			"5": { "start": { "line": 6, "column": 0 }, "end": { "line": 6, "column": 9 } },
			"6": { "start": { "line": 7, "column": 0 }, "end": { "line": 7, "column": 0 } },
			"7": { "start": { "line": 8, "column": 0 }, "end": { "line": 8, "column": 4 } },
			"8": { "start": { "line": 9, "column": 0 }, "end": { "line": 9, "column": 154 } },
			"9": { "start": { "line": 10, "column": 0 }, "end": { "line": 10, "column": 1 } },
			"10": { "start": { "line": 11, "column": 0 }, "end": { "line": 11, "column": 48 } },
			"11": { "start": { "line": 12, "column": 0 }, "end": { "line": 12, "column": 45 } },
			"12": { "start": { "line": 13, "column": 0 }, "end": { "line": 13, "column": 93 } },
			"13": { "start": { "line": 14, "column": 0 }, "end": { "line": 14, "column": 87 } },
			"14": { "start": { "line": 15, "column": 0 }, "end": { "line": 15, "column": 90 } },
			"15": { "start": { "line": 16, "column": 0 }, "end": { "line": 16, "column": 8 } },
			"16": { "start": { "line": 17, "column": 0 }, "end": { "line": 17, "column": 14 } },
			"17": { "start": { "line": 18, "column": 0 }, "end": { "line": 18, "column": 46 } },
			"18": { "start": { "line": 19, "column": 0 }, "end": { "line": 19, "column": 41 } },
			"19": { "start": { "line": 20, "column": 0 }, "end": { "line": 20, "column": 19 } },
			"20": { "start": { "line": 21, "column": 0 }, "end": { "line": 21, "column": 10 } },
			"21": { "start": { "line": 22, "column": 0 }, "end": { "line": 22, "column": 37 } },
			"22": { "start": { "line": 23, "column": 0 }, "end": { "line": 23, "column": 19 } },
			"23": { "start": { "line": 24, "column": 0 }, "end": { "line": 24, "column": 10 } },
			"24": { "start": { "line": 25, "column": 0 }, "end": { "line": 25, "column": 39 } },
			"25": { "start": { "line": 26, "column": 0 }, "end": { "line": 26, "column": 19 } },
			"26": { "start": { "line": 27, "column": 0 }, "end": { "line": 27, "column": 10 } },
			"27": { "start": { "line": 28, "column": 0 }, "end": { "line": 28, "column": 9 } },
			"28": { "start": { "line": 29, "column": 0 }, "end": { "line": 29, "column": 7 } },
			"29": { "start": { "line": 30, "column": 0 }, "end": { "line": 30, "column": 8 } },
			"30": { "start": { "line": 31, "column": 0 }, "end": { "line": 31, "column": 6 } },
			"31": { "start": { "line": 32, "column": 0 }, "end": { "line": 32, "column": 0 } },
			"32": { "start": { "line": 33, "column": 0 }, "end": { "line": 33, "column": 7 } },
			"33": { "start": { "line": 34, "column": 0 }, "end": { "line": 34, "column": 13 } },
			"34": { "start": { "line": 35, "column": 0 }, "end": { "line": 35, "column": 19 } },
			"35": { "start": { "line": 36, "column": 0 }, "end": { "line": 36, "column": 2 } },
			"36": { "start": { "line": 37, "column": 0 }, "end": { "line": 37, "column": 8 } }
		},
		"s": {
			"0": 1,
			"1": 1,
			"2": 1,
			"3": 1,
			"4": 1,
			"5": 1,
			"6": 1,
			"7": 1,
			"8": 1,
			"9": 1,
			"10": 1,
			"11": 1,
			"12": 1,
			"13": 1,
			"14": 1,
			"15": 1,
			"16": 1,
			"17": 1,
			"18": 1,
			"19": 1,
			"20": 1,
			"21": 1,
			"22": 1,
			"23": 1,
			"24": 1,
			"25": 1,
			"26": 1,
			"27": 1,
			"28": 1,
			"29": 1,
			"30": 1,
			"31": 1,
			"32": 1,
			"33": 1,
			"34": 1,
			"35": 1,
			"36": 1
		},
		"branchMap": {
			"0": {
				"type": "branch",
				"line": 13,
				"loc": { "start": { "line": 13, "column": 68 }, "end": { "line": 13, "column": 73 } },
				"locations": [
					{ "start": { "line": 13, "column": 68 }, "end": { "line": 13, "column": 73 } }
				]
			},
			"1": {
				"type": "branch",
				"line": 14,
				"loc": { "start": { "line": 14, "column": 64 }, "end": { "line": 14, "column": 69 } },
				"locations": [
					{ "start": { "line": 14, "column": 64 }, "end": { "line": 14, "column": 69 } }
				]
			},
			"2": {
				"type": "branch",
				"line": 15,
				"loc": { "start": { "line": 15, "column": 66 }, "end": { "line": 15, "column": 71 } },
				"locations": [
					{ "start": { "line": 15, "column": 66 }, "end": { "line": 15, "column": 71 } }
				]
			}
		},
		"b": { "0": [0], "1": [0], "2": [0] },
		"fnMap": {},
		"f": {}
	},
	"/Users/cardotisler/git/ut/deepmooc-fe/src/lib/components/Placeholder.svelte": {
		"path": "/Users/cardotisler/git/ut/deepmooc-fe/src/lib/components/Placeholder.svelte",
		"all": false,
		"statementMap": {
			"0": { "start": { "line": 1, "column": 0 }, "end": { "line": 1, "column": 18 } },
			"1": { "start": { "line": 2, "column": 0 }, "end": { "line": 2, "column": 33 } },
			"2": { "start": { "line": 3, "column": 0 }, "end": { "line": 3, "column": 16 } },
			"3": { "start": { "line": 4, "column": 0 }, "end": { "line": 4, "column": 27 } },
			"4": { "start": { "line": 5, "column": 0 }, "end": { "line": 5, "column": 9 } },
			"5": { "start": { "line": 6, "column": 0 }, "end": { "line": 6, "column": 0 } },
			"6": { "start": { "line": 7, "column": 0 }, "end": { "line": 7, "column": 4 } },
			"7": { "start": { "line": 8, "column": 0 }, "end": { "line": 8, "column": 145 } },
			"8": { "start": { "line": 9, "column": 0 }, "end": { "line": 9, "column": 1 } },
			"9": { "start": { "line": 10, "column": 0 }, "end": { "line": 10, "column": 37 } },
			"10": { "start": { "line": 11, "column": 0 }, "end": { "line": 11, "column": 6 } },
			"11": { "start": { "line": 12, "column": 0 }, "end": { "line": 12, "column": 0 } },
			"12": { "start": { "line": 13, "column": 0 }, "end": { "line": 13, "column": 7 } },
			"13": { "start": { "line": 14, "column": 0 }, "end": { "line": 14, "column": 8 } }
		},
		"s": {
			"0": 1,
			"1": 1,
			"2": 1,
			"3": 1,
			"4": 1,
			"5": 1,
			"6": 1,
			"7": 1,
			"8": 1,
			"9": 1,
			"10": 1,
			"11": 1,
			"12": 1,
			"13": 1
		},
		"branchMap": {},
		"b": {},
		"fnMap": {},
		"f": {}
	},
	"/Users/cardotisler/git/ut/deepmooc-fe/src/lib/components/Timeline.svelte": {
		"path": "/Users/cardotisler/git/ut/deepmooc-fe/src/lib/components/Timeline.svelte",
		"all": false,
		"statementMap": {
			"0": { "start": { "line": 1, "column": 0 }, "end": { "line": 1, "column": 18 } },
			"1": { "start": { "line": 2, "column": 0 }, "end": { "line": 2, "column": 53 } },
			"2": { "start": { "line": 3, "column": 0 }, "end": { "line": 3, "column": 66 } },
			"3": { "start": { "line": 4, "column": 0 }, "end": { "line": 4, "column": 45 } },
			"4": { "start": { "line": 5, "column": 0 }, "end": { "line": 5, "column": 46 } },
			"5": { "start": { "line": 6, "column": 0 }, "end": { "line": 6, "column": 0 } },
			"6": { "start": { "line": 7, "column": 0 }, "end": { "line": 7, "column": 43 } },
			"7": { "start": { "line": 8, "column": 0 }, "end": { "line": 8, "column": 44 } },
			"8": { "start": { "line": 9, "column": 0 }, "end": { "line": 9, "column": 9 } },
			"9": { "start": { "line": 10, "column": 0 }, "end": { "line": 10, "column": 0 } },
			"10": { "start": { "line": 11, "column": 0 }, "end": { "line": 11, "column": 85 } },
			"11": { "start": { "line": 12, "column": 0 }, "end": { "line": 12, "column": 6 } },
			"12": { "start": { "line": 13, "column": 0 }, "end": { "line": 13, "column": 63 } },
			"13": { "start": { "line": 14, "column": 0 }, "end": { "line": 14, "column": 7 } },
			"14": { "start": { "line": 15, "column": 0 }, "end": { "line": 15, "column": 27 } },
			"15": { "start": { "line": 16, "column": 0 }, "end": { "line": 16, "column": 26 } },
			"16": { "start": { "line": 17, "column": 0 }, "end": { "line": 17, "column": 8 } },
			"17": { "start": { "line": 18, "column": 0 }, "end": { "line": 18, "column": 10 } }
		},
		"s": {
			"0": 1,
			"1": 1,
			"2": 1,
			"3": 1,
			"4": 1,
			"5": 1,
			"6": 1,
			"7": 1,
			"8": 1,
			"9": 1,
			"10": 1,
			"11": 1,
			"12": 1,
			"13": 1,
			"14": 1,
			"15": 1,
			"16": 1,
			"17": 1
		},
		"branchMap": {
			"0": {
				"type": "branch",
				"line": 11,
				"loc": { "start": { "line": 11, "column": 64 }, "end": { "line": 11, "column": 77 } },
				"locations": [
					{ "start": { "line": 11, "column": 64 }, "end": { "line": 11, "column": 77 } }
				]
			}
		},
		"b": { "0": [0] },
		"fnMap": {},
		"f": {}
	},
	"/Users/cardotisler/git/ut/deepmooc-fe/src/lib/components/TimelineEvent.svelte": {
		"path": "/Users/cardotisler/git/ut/deepmooc-fe/src/lib/components/TimelineEvent.svelte",
		"all": false,
		"statementMap": {
			"0": { "start": { "line": 1, "column": 0 }, "end": { "line": 1, "column": 18 } },
			"1": { "start": { "line": 2, "column": 0 }, "end": { "line": 2, "column": 53 } },
			"2": { "start": { "line": 3, "column": 0 }, "end": { "line": 3, "column": 52 } },
			"3": { "start": { "line": 4, "column": 0 }, "end": { "line": 4, "column": 39 } },
			"4": { "start": { "line": 5, "column": 0 }, "end": { "line": 5, "column": 46 } },
			"5": { "start": { "line": 6, "column": 0 }, "end": { "line": 6, "column": 0 } },
			"6": { "start": { "line": 7, "column": 0 }, "end": { "line": 7, "column": 43 } },
			"7": { "start": { "line": 8, "column": 0 }, "end": { "line": 8, "column": 36 } },
			"8": { "start": { "line": 9, "column": 0 }, "end": { "line": 9, "column": 83 } },
			"9": { "start": { "line": 10, "column": 0 }, "end": { "line": 10, "column": 9 } },
			"10": { "start": { "line": 11, "column": 0 }, "end": { "line": 11, "column": 0 } },
			"11": { "start": { "line": 12, "column": 0 }, "end": { "line": 12, "column": 71 } },
			"12": { "start": { "line": 13, "column": 0 }, "end": { "line": 13, "column": 52 } },
			"13": { "start": { "line": 14, "column": 0 }, "end": { "line": 14, "column": 28 } },
			"14": { "start": { "line": 15, "column": 0 }, "end": { "line": 15, "column": 32 } },
			"15": { "start": { "line": 16, "column": 0 }, "end": { "line": 16, "column": 57 } },
			"16": { "start": { "line": 17, "column": 0 }, "end": { "line": 17, "column": 8 } },
			"17": { "start": { "line": 18, "column": 0 }, "end": { "line": 18, "column": 20 } },
			"18": { "start": { "line": 19, "column": 0 }, "end": { "line": 19, "column": 9 } },
			"19": { "start": { "line": 20, "column": 0 }, "end": { "line": 20, "column": 8 } },
			"20": { "start": { "line": 21, "column": 0 }, "end": { "line": 21, "column": 34 } },
			"21": { "start": { "line": 22, "column": 0 }, "end": { "line": 22, "column": 116 } },
			"22": { "start": { "line": 23, "column": 0 }, "end": { "line": 23, "column": 9 } },
			"23": { "start": { "line": 24, "column": 0 }, "end": { "line": 24, "column": 8 } },
			"24": { "start": { "line": 25, "column": 0 }, "end": { "line": 25, "column": 7 } },
			"25": { "start": { "line": 26, "column": 0 }, "end": { "line": 26, "column": 57 } },
			"26": { "start": { "line": 27, "column": 0 }, "end": { "line": 27, "column": 7 } },
			"27": { "start": { "line": 28, "column": 0 }, "end": { "line": 28, "column": 61 } },
			"28": { "start": { "line": 29, "column": 0 }, "end": { "line": 29, "column": 8 } },
			"29": { "start": { "line": 30, "column": 0 }, "end": { "line": 30, "column": 29 } },
			"30": { "start": { "line": 31, "column": 0 }, "end": { "line": 31, "column": 22 } },
			"31": { "start": { "line": 32, "column": 0 }, "end": { "line": 32, "column": 42 } },
			"32": { "start": { "line": 33, "column": 0 }, "end": { "line": 33, "column": 10 } },
			"33": { "start": { "line": 34, "column": 0 }, "end": { "line": 34, "column": 8 } },
			"34": { "start": { "line": 35, "column": 0 }, "end": { "line": 35, "column": 37 } },
			"35": { "start": { "line": 36, "column": 0 }, "end": { "line": 36, "column": 82 } },
			"36": { "start": { "line": 37, "column": 0 }, "end": { "line": 37, "column": 73 } },
			"37": { "start": { "line": 38, "column": 0 }, "end": { "line": 38, "column": 55 } },
			"38": { "start": { "line": 39, "column": 0 }, "end": { "line": 39, "column": 56 } },
			"39": { "start": { "line": 40, "column": 0 }, "end": { "line": 40, "column": 28 } },
			"40": { "start": { "line": 41, "column": 0 }, "end": { "line": 41, "column": 8 } },
			"41": { "start": { "line": 42, "column": 0 }, "end": { "line": 42, "column": 7 } },
			"42": { "start": { "line": 43, "column": 0 }, "end": { "line": 43, "column": 6 } }
		},
		"s": {
			"0": 1,
			"1": 1,
			"2": 1,
			"3": 1,
			"4": 1,
			"5": 1,
			"6": 1,
			"7": 1,
			"8": 1,
			"9": 1,
			"10": 1,
			"11": 1,
			"12": 1,
			"13": 1,
			"14": 1,
			"15": 1,
			"16": 1,
			"17": 1,
			"18": 1,
			"19": 1,
			"20": 1,
			"21": 1,
			"22": 1,
			"23": 1,
			"24": 1,
			"25": 1,
			"26": 1,
			"27": 1,
			"28": 1,
			"29": 1,
			"30": 1,
			"31": 1,
			"32": 1,
			"33": 1,
			"34": 1,
			"35": 1,
			"36": 1,
			"37": 1,
			"38": 1,
			"39": 1,
			"40": 1,
			"41": 1,
			"42": 1
		},
		"branchMap": {
			"0": {
				"type": "branch",
				"line": 22,
				"loc": { "start": { "line": 22, "column": 41 }, "end": { "line": 22, "column": 52 } },
				"locations": [
					{ "start": { "line": 22, "column": 41 }, "end": { "line": 22, "column": 52 } }
				]
			},
			"1": {
				"type": "branch",
				"line": 22,
				"loc": { "start": { "line": 22, "column": 89 }, "end": { "line": 22, "column": 100 } },
				"locations": [
					{ "start": { "line": 22, "column": 89 }, "end": { "line": 22, "column": 100 } }
				]
			}
		},
		"b": { "0": [0], "1": [0] },
		"fnMap": {},
		"f": {}
	},
	"/Users/cardotisler/git/ut/deepmooc-fe/src/lib/components/index.ts": {
		"path": "/Users/cardotisler/git/ut/deepmooc-fe/src/lib/components/index.ts",
		"all": false,
		"statementMap": {
			"0": { "start": { "line": 1, "column": 0 }, "end": { "line": 1, "column": 89 } },
			"1": { "start": { "line": 2, "column": 0 }, "end": { "line": 2, "column": 90 } },
			"2": { "start": { "line": 3, "column": 0 }, "end": { "line": 3, "column": 82 } },
			"3": { "start": { "line": 4, "column": 0 }, "end": { "line": 4, "column": 76 } },
			"4": { "start": { "line": 5, "column": 0 }, "end": { "line": 5, "column": 76 } },
			"5": { "start": { "line": 6, "column": 0 }, "end": { "line": 6, "column": 76 } },
			"6": { "start": { "line": 7, "column": 0 }, "end": { "line": 7, "column": 70 } },
			"7": { "start": { "line": 8, "column": 0 }, "end": { "line": 8, "column": 80 } },
			"8": { "start": { "line": 9, "column": 0 }, "end": { "line": 9, "column": 73 } },
			"9": { "start": { "line": 10, "column": 0 }, "end": { "line": 10, "column": 67 } },
			"10": { "start": { "line": 11, "column": 0 }, "end": { "line": 11, "column": 72 } }
		},
		"s": {
			"0": 1,
			"1": 1,
			"2": 1,
			"3": 1,
			"4": 1,
			"5": 1,
			"6": 1,
			"7": 1,
			"8": 1,
			"9": 1,
			"10": 1
		},
		"branchMap": {
			"0": {
				"type": "branch",
				"line": 2,
				"loc": { "start": { "line": 2, "column": 46 }, "end": { "line": 2, "column": 90 } },
				"locations": [{ "start": { "line": 2, "column": 46 }, "end": { "line": 2, "column": 90 } }]
			},
			"1": {
				"type": "branch",
				"line": 4,
				"loc": { "start": { "line": 4, "column": 39 }, "end": { "line": 4, "column": 76 } },
				"locations": [{ "start": { "line": 4, "column": 39 }, "end": { "line": 4, "column": 76 } }]
			},
			"2": {
				"type": "branch",
				"line": 5,
				"loc": { "start": { "line": 5, "column": 39 }, "end": { "line": 5, "column": 76 } },
				"locations": [{ "start": { "line": 5, "column": 39 }, "end": { "line": 5, "column": 76 } }]
			},
			"3": {
				"type": "branch",
				"line": 9,
				"loc": { "start": { "line": 9, "column": 35 }, "end": { "line": 9, "column": 73 } },
				"locations": [{ "start": { "line": 9, "column": 35 }, "end": { "line": 9, "column": 73 } }]
			}
		},
		"b": { "0": [2], "1": [1], "2": [1], "3": [1] },
		"fnMap": {
			"0": {
				"name": "get",
				"decl": { "start": { "line": 1, "column": 46 }, "end": { "line": 1, "column": 89 } },
				"loc": { "start": { "line": 1, "column": 46 }, "end": { "line": 1, "column": 89 } },
				"line": 1
			},
			"1": {
				"name": "get",
				"decl": { "start": { "line": 2, "column": 46 }, "end": { "line": 2, "column": 90 } },
				"loc": { "start": { "line": 2, "column": 46 }, "end": { "line": 2, "column": 90 } },
				"line": 2
			},
			"2": {
				"name": "get",
				"decl": { "start": { "line": 3, "column": 42 }, "end": { "line": 3, "column": 82 } },
				"loc": { "start": { "line": 3, "column": 42 }, "end": { "line": 3, "column": 82 } },
				"line": 3
			},
			"3": {
				"name": "get",
				"decl": { "start": { "line": 4, "column": 39 }, "end": { "line": 4, "column": 76 } },
				"loc": { "start": { "line": 4, "column": 39 }, "end": { "line": 4, "column": 76 } },
				"line": 4
			},
			"4": {
				"name": "get",
				"decl": { "start": { "line": 5, "column": 39 }, "end": { "line": 5, "column": 76 } },
				"loc": { "start": { "line": 5, "column": 39 }, "end": { "line": 5, "column": 76 } },
				"line": 5
			},
			"5": {
				"name": "get",
				"decl": { "start": { "line": 6, "column": 39 }, "end": { "line": 6, "column": 76 } },
				"loc": { "start": { "line": 6, "column": 39 }, "end": { "line": 6, "column": 76 } },
				"line": 6
			},
			"6": {
				"name": "get",
				"decl": { "start": { "line": 7, "column": 36 }, "end": { "line": 7, "column": 70 } },
				"loc": { "start": { "line": 7, "column": 36 }, "end": { "line": 7, "column": 70 } },
				"line": 7
			},
			"7": {
				"name": "get",
				"decl": { "start": { "line": 8, "column": 41 }, "end": { "line": 8, "column": 80 } },
				"loc": { "start": { "line": 8, "column": 41 }, "end": { "line": 8, "column": 80 } },
				"line": 8
			},
			"8": {
				"name": "get",
				"decl": { "start": { "line": 9, "column": 35 }, "end": { "line": 9, "column": 73 } },
				"loc": { "start": { "line": 9, "column": 35 }, "end": { "line": 9, "column": 73 } },
				"line": 9
			},
			"9": {
				"name": "get",
				"decl": { "start": { "line": 10, "column": 32 }, "end": { "line": 10, "column": 67 } },
				"loc": { "start": { "line": 10, "column": 32 }, "end": { "line": 10, "column": 67 } },
				"line": 10
			},
			"10": {
				"name": "get",
				"decl": { "start": { "line": 11, "column": 37 }, "end": { "line": 11, "column": 72 } },
				"loc": { "start": { "line": 11, "column": 37 }, "end": { "line": 11, "column": 72 } },
				"line": 11
			}
		},
		"f": { "0": 0, "1": 2, "2": 0, "3": 1, "4": 1, "5": 0, "6": 0, "7": 0, "8": 1, "9": 0, "10": 0 }
	},
	"/Users/cardotisler/git/ut/deepmooc-fe/src/lib/components/common/Header.svelte": {
		"path": "/Users/cardotisler/git/ut/deepmooc-fe/src/lib/components/common/Header.svelte",
		"all": false,
		"statementMap": {
			"0": { "start": { "line": 1, "column": 0 }, "end": { "line": 1, "column": 8 } },
			"1": { "start": { "line": 2, "column": 0 }, "end": { "line": 2, "column": 68 } },
			"2": { "start": { "line": 3, "column": 0 }, "end": { "line": 3, "column": 62 } },
			"3": { "start": { "line": 4, "column": 0 }, "end": { "line": 4, "column": 46 } },
			"4": { "start": { "line": 5, "column": 0 }, "end": { "line": 5, "column": 0 } },
			"5": { "start": { "line": 6, "column": 0 }, "end": { "line": 6, "column": 43 } },
			"6": { "start": { "line": 7, "column": 0 }, "end": { "line": 7, "column": 9 } },
			"7": { "start": { "line": 8, "column": 0 }, "end": { "line": 8, "column": 0 } },
			"8": { "start": { "line": 9, "column": 0 }, "end": { "line": 9, "column": 116 } },
			"9": { "start": { "line": 10, "column": 0 }, "end": { "line": 10, "column": 75 } },
			"10": { "start": { "line": 11, "column": 0 }, "end": { "line": 11, "column": 82 } },
			"11": { "start": { "line": 12, "column": 0 }, "end": { "line": 12, "column": 0 } },
			"12": { "start": { "line": 13, "column": 0 }, "end": { "line": 13, "column": 39 } },
			"13": { "start": { "line": 14, "column": 0 }, "end": { "line": 14, "column": 30 } },
			"14": { "start": { "line": 15, "column": 0 }, "end": { "line": 15, "column": 56 } },
			"15": { "start": { "line": 16, "column": 0 }, "end": { "line": 16, "column": 72 } },
			"16": { "start": { "line": 17, "column": 0 }, "end": { "line": 17, "column": 9 } },
			"17": { "start": { "line": 18, "column": 0 }, "end": { "line": 18, "column": 26 } },
			"18": { "start": { "line": 19, "column": 0 }, "end": { "line": 19, "column": 19 } },
			"19": { "start": { "line": 20, "column": 0 }, "end": { "line": 20, "column": 9 } },
			"20": { "start": { "line": 21, "column": 0 }, "end": { "line": 21, "column": 8 } },
			"21": { "start": { "line": 22, "column": 0 }, "end": { "line": 22, "column": 7 } },
			"22": { "start": { "line": 23, "column": 0 }, "end": { "line": 23, "column": 9 } },
			"23": { "start": { "line": 24, "column": 0 }, "end": { "line": 24, "column": 0 } },
			"24": { "start": { "line": 25, "column": 0 }, "end": { "line": 25, "column": 7 } },
			"25": { "start": { "line": 26, "column": 0 }, "end": { "line": 26, "column": 12 } },
			"26": { "start": { "line": 27, "column": 0 }, "end": { "line": 27, "column": 31 } },
			"27": { "start": { "line": 28, "column": 0 }, "end": { "line": 28, "column": 2 } },
			"28": { "start": { "line": 29, "column": 0 }, "end": { "line": 29, "column": 8 } }
		},
		"s": {
			"0": 1,
			"1": 1,
			"2": 1,
			"3": 1,
			"4": 1,
			"5": 1,
			"6": 1,
			"7": 1,
			"8": 1,
			"9": 1,
			"10": 1,
			"11": 1,
			"12": 1,
			"13": 1,
			"14": 1,
			"15": 1,
			"16": 1,
			"17": 1,
			"18": 1,
			"19": 1,
			"20": 1,
			"21": 1,
			"22": 1,
			"23": 1,
			"24": 1,
			"25": 1,
			"26": 1,
			"27": 1,
			"28": 1
		},
		"branchMap": {
			"0": {
				"type": "branch",
				"line": 9,
				"loc": { "start": { "line": 9, "column": 54 }, "end": { "line": 9, "column": 67 } },
				"locations": [{ "start": { "line": 9, "column": 54 }, "end": { "line": 9, "column": 67 } }]
			}
		},
		"b": { "0": [0] },
		"fnMap": {},
		"f": {}
	},
	"/Users/cardotisler/git/ut/deepmooc-fe/src/lib/components/icons/ProfileIcon.svelte": {
		"path": "/Users/cardotisler/git/ut/deepmooc-fe/src/lib/components/icons/ProfileIcon.svelte",
		"all": false,
		"statementMap": {
			"0": { "start": { "line": 1, "column": 0 }, "end": { "line": 1, "column": 27 } },
			"1": { "start": { "line": 2, "column": 0 }, "end": { "line": 2, "column": 0 } },
			"2": { "start": { "line": 3, "column": 0 }, "end": { "line": 3, "column": 72 } },
			"3": { "start": { "line": 4, "column": 0 }, "end": { "line": 4, "column": 45 } },
			"4": { "start": { "line": 5, "column": 0 }, "end": { "line": 5, "column": 6 } },
			"5": { "start": { "line": 6, "column": 0 }, "end": { "line": 6, "column": 21 } },
			"6": { "start": { "line": 7, "column": 0 }, "end": { "line": 7, "column": 21 } },
			"7": { "start": { "line": 8, "column": 0 }, "end": { "line": 8, "column": 641 } },
			"8": { "start": { "line": 9, "column": 0 }, "end": { "line": 9, "column": 16 } },
			"9": { "start": { "line": 10, "column": 0 }, "end": { "line": 10, "column": 3 } },
			"10": { "start": { "line": 11, "column": 0 }, "end": { "line": 11, "column": 6 } }
		},
		"s": {
			"0": 1,
			"1": 1,
			"2": 1,
			"3": 1,
			"4": 1,
			"5": 1,
			"6": 1,
			"7": 1,
			"8": 1,
			"9": 1,
			"10": 1
		},
		"branchMap": {},
		"b": {},
		"fnMap": {},
		"f": {}
	},
	"/Users/cardotisler/git/ut/deepmooc-fe/src/lib/components/icons/RightArrow.svelte": {
		"path": "/Users/cardotisler/git/ut/deepmooc-fe/src/lib/components/icons/RightArrow.svelte",
		"all": false,
		"statementMap": {
			"0": { "start": { "line": 1, "column": 0 }, "end": { "line": 1, "column": 18 } },
			"1": { "start": { "line": 2, "column": 0 }, "end": { "line": 2, "column": 27 } },
			"2": { "start": { "line": 3, "column": 0 }, "end": { "line": 3, "column": 29 } },
			"3": { "start": { "line": 4, "column": 0 }, "end": { "line": 4, "column": 9 } },
			"4": { "start": { "line": 5, "column": 0 }, "end": { "line": 5, "column": 0 } },
			"5": { "start": { "line": 6, "column": 0 }, "end": { "line": 6, "column": 4 } },
			"6": { "start": { "line": 7, "column": 0 }, "end": { "line": 7, "column": 11 } },
			"7": { "start": { "line": 8, "column": 0 }, "end": { "line": 8, "column": 12 } },
			"8": { "start": { "line": 9, "column": 0 }, "end": { "line": 9, "column": 7 } },
			"9": { "start": { "line": 10, "column": 0 }, "end": { "line": 10, "column": 9 } },
			"10": { "start": { "line": 11, "column": 0 }, "end": { "line": 11, "column": 35 } },
			"11": { "start": { "line": 12, "column": 0 }, "end": { "line": 12, "column": 20 } },
			"12": { "start": { "line": 13, "column": 0 }, "end": { "line": 13, "column": 20 } },
			"13": { "start": { "line": 14, "column": 0 }, "end": { "line": 14, "column": 7 } },
			"14": { "start": { "line": 15, "column": 0 }, "end": { "line": 15, "column": 92 } },
			"15": { "start": { "line": 16, "column": 0 }, "end": { "line": 16, "column": 8 } },
			"16": { "start": { "line": 17, "column": 0 }, "end": { "line": 17, "column": 1 } }
		},
		"s": {
			"0": 1,
			"1": 1,
			"2": 1,
			"3": 1,
			"4": 1,
			"5": 1,
			"6": 1,
			"7": 1,
			"8": 1,
			"9": 1,
			"10": 1,
			"11": 1,
			"12": 1,
			"13": 1,
			"14": 1,
			"15": 1,
			"16": 1
		},
		"branchMap": {},
		"b": {},
		"fnMap": {},
		"f": {}
	},
	"/Users/cardotisler/git/ut/deepmooc-fe/src/lib/components/util/Pill.svelte": {
		"path": "/Users/cardotisler/git/ut/deepmooc-fe/src/lib/components/util/Pill.svelte",
		"all": false,
		"statementMap": {
			"0": { "start": { "line": 1, "column": 0 }, "end": { "line": 1, "column": 18 } },
			"1": { "start": { "line": 2, "column": 0 }, "end": { "line": 2, "column": 25 } },
			"2": { "start": { "line": 3, "column": 0 }, "end": { "line": 3, "column": 16 } },
			"3": { "start": { "line": 4, "column": 0 }, "end": { "line": 4, "column": 27 } },
			"4": { "start": { "line": 5, "column": 0 }, "end": { "line": 5, "column": 9 } },
			"5": { "start": { "line": 6, "column": 0 }, "end": { "line": 6, "column": 0 } },
			"6": { "start": { "line": 7, "column": 0 }, "end": { "line": 7, "column": 65 } },
			"7": { "start": { "line": 8, "column": 0 }, "end": { "line": 8, "column": 63 } },
			"8": { "start": { "line": 9, "column": 0 }, "end": { "line": 9, "column": 6 } }
		},
		"s": { "0": 1, "1": 1, "2": 1, "3": 1, "4": 1, "5": 1, "6": 1, "7": 1, "8": 1 },
		"branchMap": {},
		"b": {},
		"fnMap": {},
		"f": {}
	},
	"/Users/cardotisler/git/ut/deepmooc-fe/src/lib/components/util/Section.svelte": {
		"path": "/Users/cardotisler/git/ut/deepmooc-fe/src/lib/components/util/Section.svelte",
		"all": false,
		"statementMap": {
			"0": { "start": { "line": 1, "column": 0 }, "end": { "line": 1, "column": 18 } },
			"1": { "start": { "line": 2, "column": 0 }, "end": { "line": 2, "column": 16 } },
			"2": { "start": { "line": 3, "column": 0 }, "end": { "line": 3, "column": 27 } },
			"3": { "start": { "line": 4, "column": 0 }, "end": { "line": 4, "column": 9 } },
			"4": { "start": { "line": 5, "column": 0 }, "end": { "line": 5, "column": 0 } },
			"5": { "start": { "line": 6, "column": 0 }, "end": { "line": 6, "column": 96 } },
			"6": { "start": { "line": 7, "column": 0 }, "end": { "line": 7, "column": 9 } },
			"7": { "start": { "line": 8, "column": 0 }, "end": { "line": 8, "column": 6 } },
			"8": { "start": { "line": 9, "column": 0 }, "end": { "line": 9, "column": 0 } },
			"9": { "start": { "line": 10, "column": 0 }, "end": { "line": 10, "column": 7 } },
			"10": { "start": { "line": 11, "column": 0 }, "end": { "line": 11, "column": 12 } },
			"11": { "start": { "line": 12, "column": 0 }, "end": { "line": 12, "column": 19 } },
			"12": { "start": { "line": 13, "column": 0 }, "end": { "line": 13, "column": 2 } },
			"13": { "start": { "line": 14, "column": 0 }, "end": { "line": 14, "column": 0 } },
			"14": { "start": { "line": 15, "column": 0 }, "end": { "line": 15, "column": 12 } },
			"15": { "start": { "line": 16, "column": 0 }, "end": { "line": 16, "column": 37 } },
			"16": { "start": { "line": 17, "column": 0 }, "end": { "line": 17, "column": 5 } },
			"17": { "start": { "line": 18, "column": 0 }, "end": { "line": 18, "column": 8 } }
		},
		"s": {
			"0": 1,
			"1": 1,
			"2": 1,
			"3": 1,
			"4": 1,
			"5": 1,
			"6": 1,
			"7": 1,
			"8": 1,
			"9": 1,
			"10": 1,
			"11": 1,
			"12": 1,
			"13": 1,
			"14": 1,
			"15": 1,
			"16": 1,
			"17": 1
		},
		"branchMap": {},
		"b": {},
		"fnMap": {},
		"f": {}
	},
	"/Users/cardotisler/git/ut/deepmooc-fe/src/lib/shared/stores/theme.ts": {
		"path": "/Users/cardotisler/git/ut/deepmooc-fe/src/lib/shared/stores/theme.ts",
		"all": false,
		"statementMap": {
			"0": { "start": { "line": 1, "column": 0 }, "end": { "line": 1, "column": 43 } },
			"1": { "start": { "line": 2, "column": 0 }, "end": { "line": 2, "column": 40 } },
			"2": { "start": { "line": 3, "column": 0 }, "end": { "line": 3, "column": 1 } },
			"3": { "start": { "line": 4, "column": 0 }, "end": { "line": 4, "column": 29 } },
			"4": { "start": { "line": 5, "column": 0 }, "end": { "line": 5, "column": 99 } },
			"5": { "start": { "line": 6, "column": 0 }, "end": { "line": 6, "column": 1 } },
			"6": { "start": { "line": 7, "column": 0 }, "end": { "line": 7, "column": 45 } },
			"7": { "start": { "line": 8, "column": 0 }, "end": { "line": 8, "column": 1 } },
			"8": { "start": { "line": 9, "column": 0 }, "end": { "line": 9, "column": 28 } },
			"9": { "start": { "line": 10, "column": 0 }, "end": { "line": 10, "column": 16 } },
			"10": { "start": { "line": 11, "column": 0 }, "end": { "line": 11, "column": 48 } },
			"11": { "start": { "line": 12, "column": 0 }, "end": { "line": 12, "column": 4 } },
			"12": { "start": { "line": 13, "column": 0 }, "end": { "line": 13, "column": 62 } },
			"13": { "start": { "line": 14, "column": 0 }, "end": { "line": 14, "column": 69 } },
			"14": { "start": { "line": 15, "column": 0 }, "end": { "line": 15, "column": 12 } },
			"15": { "start": { "line": 16, "column": 0 }, "end": { "line": 16, "column": 72 } },
			"16": { "start": { "line": 17, "column": 0 }, "end": { "line": 17, "column": 5 } },
			"17": { "start": { "line": 18, "column": 0 }, "end": { "line": 18, "column": 3 } },
			"18": { "start": { "line": 19, "column": 0 }, "end": { "line": 19, "column": 3 } },
			"19": { "start": { "line": 20, "column": 0 }, "end": { "line": 20, "column": 1 } },
			"20": { "start": { "line": 21, "column": 0 }, "end": { "line": 21, "column": 21 } }
		},
		"s": {
			"0": 1,
			"1": 1,
			"2": 1,
			"3": 1,
			"4": 1,
			"5": 1,
			"6": 1,
			"7": 1,
			"8": 1,
			"9": 7,
			"10": 0,
			"11": 0,
			"12": 0,
			"13": 0,
			"14": 0,
			"15": 0,
			"16": 0,
			"17": 0,
			"18": 7,
			"19": 1,
			"20": 1
		},
		"branchMap": {
			"0": {
				"type": "branch",
				"line": 5,
				"loc": { "start": { "line": 5, "column": 21 }, "end": { "line": 5, "column": 86 } },
				"locations": [{ "start": { "line": 5, "column": 21 }, "end": { "line": 5, "column": 86 } }]
			},
			"1": {
				"type": "branch",
				"line": 9,
				"loc": { "start": { "line": 9, "column": 16 }, "end": { "line": 19, "column": 3 } },
				"locations": [{ "start": { "line": 9, "column": 16 }, "end": { "line": 19, "column": 3 } }]
			},
			"2": {
				"type": "branch",
				"line": 10,
				"loc": { "start": { "line": 10, "column": 15 }, "end": { "line": 18, "column": 3 } },
				"locations": [{ "start": { "line": 10, "column": 15 }, "end": { "line": 18, "column": 3 } }]
			}
		},
		"b": { "0": [0], "1": [7], "2": [0] },
		"fnMap": {},
		"f": {}
	}
}
